Arguments: 
  /usr/local/bin/node /usr/local/Cellar/yarn/1.22.10/libexec/bin/yarn.js build

PATH: 
  /usr/local/bin:/usr/bin:/bin:/usr/sbin:/sbin:/Library/Apple/usr/bin

Yarn version: 
  1.22.10

Node version: 
  14.15.4

Platform: 
  darwin x64

Trace: 
  SyntaxError: /Users/c.luerti/Documents/personal/tiny/package.json: Unexpected token } in JSON at position 785
      at JSON.parse (<anonymous>)
      at /usr/local/Cellar/yarn/1.22.10/libexec/lib/cli.js:1625:59
      at Generator.next (<anonymous>)
      at step (/usr/local/Cellar/yarn/1.22.10/libexec/lib/cli.js:310:30)
      at /usr/local/Cellar/yarn/1.22.10/libexec/lib/cli.js:321:13

npm manifest: 
  {
    "name": "@artscomi/tiny",
    "version": "2.0.1",
    "description": "Removes all spaces from a string",
    "license": "MIT",
    "repository": "artscomi-dev/tiny",
    "main": "dist/index.js",
    "keywords": [
      "tiny",
      "npm",
      "package",
      "artscomi"
    ],
    "devDependencies": {
      "@types/react": "^17.0.3",
      "@types/react-dom": "^17.0.3",
      "babel-core": "^6.26.3",
      "babel-runtime": "^6.26.0",
      "react": "^17.0.2",
      "react-dom": "^17.0.2",
      "rollup": "^2.45.2",
      "rollup-plugin-sass": "^1.2.2",
      "rollup-plugin-typescript2": "^0.30.0",
      "typescript": "^4.2.4"
    },
    "peerDependencies": {
      "react": "^16.8.0",
      "react-dom": "^16.8.0"
    },
    "files": [
      "dist"
    ],
    "scripts": {
      "build": "rollup -c",
      "start": "rollup -c -w"
    },
  }

yarn manifest: 
  No manifest

Lockfile: 
  No lockfile
